app/build/intermediates/manifest_merge_blame_file/homolog/processHomologMainManifest/manifest-merger-blame-homolog-report.txt
1<?xml version="1.0" encoding="utf-8"?>
2<manifest xmlns:android="http://schemas.android.com/apk/res/android"
3    package="br.com.rio40graus.guiascale.homolog"
4    android:versionCode="1"
5    android:versionName="0.1.0-homolog" >
6
7    <uses-sdk
8        android:minSdkVersion="26"
9        android:targetSdkVersion="35" />
10
11    <uses-permission android:name="android.permission.INTERNET" />
11-->src/main/AndroidManifest.xml:4:5-67
11-->src/main/AndroidManifest.xml:4:22-64
12    <uses-permission android:name="android.permission.ACCESS_NETWORK_STATE" />
12-->src/main/AndroidManifest.xml:5:5-79
12-->src/main/AndroidManifest.xml:5:22-76
13    <uses-permission android:name="android.permission.ACCESS_COARSE_LOCATION" />
13-->src/main/AndroidManifest.xml:7:5-81
13-->src/main/AndroidManifest.xml:7:22-78
14    <uses-permission android:name="android.permission.ACCESS_FINE_LOCATION" />
14-->src/main/AndroidManifest.xml:8:5-79
14-->src/main/AndroidManifest.xml:8:22-76
15
16    <!--
17        A permissão que faz o app existir: sem ela o rastreio para assim que o
18        guia sai da tela. O Android obriga a pedi-la SEPARADO, depois da
19        permissão comum, e o usuário precisa escolher "Permitir o tempo todo"
20        numa tela de configurações — ver PermissoesDeLocalizacao.
21    -->
22    <uses-permission android:name="android.permission.ACCESS_BACKGROUND_LOCATION" />
22-->src/main/AndroidManifest.xml:16:5-85
22-->src/main/AndroidManifest.xml:16:22-82
23    <uses-permission android:name="android.permission.FOREGROUND_SERVICE" />
23-->src/main/AndroidManifest.xml:18:5-77
23-->src/main/AndroidManifest.xml:18:22-74
24    <!-- Android 14 exige declarar o TIPO do serviço, não só o serviço. -->
25    <uses-permission android:name="android.permission.FOREGROUND_SERVICE_LOCATION" />
25-->src/main/AndroidManifest.xml:20:5-86
25-->src/main/AndroidManifest.xml:20:22-83
26
27    <!-- A notificação permanente do rastreio; obrigatória a partir do 13. -->
28    <uses-permission android:name="android.permission.POST_NOTIFICATIONS" />
28-->src/main/AndroidManifest.xml:23:5-77
28-->src/main/AndroidManifest.xml:23:22-74
29
30    <!-- Religar o rastreio depois que o aparelho reinicia no meio do dia. -->
31    <uses-permission android:name="android.permission.RECEIVE_BOOT_COMPLETED" />
31-->src/main/AndroidManifest.xml:26:5-81
31-->src/main/AndroidManifest.xml:26:22-78
32
33    <!--
34        Pedir isenção da economia de bateria. Samsung e Xiaomi matam serviço
35        legítimo para poupar energia, e é a causa nº 1 de "sumiu o rastro".
36    -->
37    <uses-permission android:name="android.permission.REQUEST_IGNORE_BATTERY_OPTIMIZATIONS" />
37-->src/main/AndroidManifest.xml:32:5-95
37-->src/main/AndroidManifest.xml:32:22-92
38
39    <!-- Sem GPS o app não cumpre a função; melhor não instalar. -->
40    <uses-feature
40-->src/main/AndroidManifest.xml:35:5-37:35
41        android:name="android.hardware.location.gps"
41-->src/main/AndroidManifest.xml:36:9-53
42        android:required="true" />
42-->src/main/AndroidManifest.xml:37:9-32
43    <uses-feature
43-->[com.google.android.gms:play-services-maps:19.0.0] AndroidManifest.xml:26:5-28:35
44        android:glEsVersion="0x00020000"
44-->[com.google.android.gms:play-services-maps:19.0.0] AndroidManifest.xml:27:9-41
45        android:required="true" />
45-->[com.google.android.gms:play-services-maps:19.0.0] AndroidManifest.xml:28:9-32
46
47    <queries>
47-->[com.google.android.gms:play-services-maps:19.0.0] AndroidManifest.xml:30:5-34:15
48
49        <!-- Needs to be explicitly declared on Android R+ -->
50        <package android:name="com.google.android.apps.maps" />
50-->[com.google.android.gms:play-services-maps:19.0.0] AndroidManifest.xml:33:9-64
50-->[com.google.android.gms:play-services-maps:19.0.0] AndroidManifest.xml:33:18-61
51    </queries>
52
53    <uses-permission android:name="android.permission.WAKE_LOCK" />
53-->[androidx.work:work-runtime:2.10.0] AndroidManifest.xml:23:5-68
53-->[androidx.work:work-runtime:2.10.0] AndroidManifest.xml:23:22-65
54
55    <permission
55-->[androidx.core:core:1.15.0] AndroidManifest.xml:22:5-24:47
56        android:name="br.com.rio40graus.guiascale.homolog.DYNAMIC_RECEIVER_NOT_EXPORTED_PERMISSION"
56-->[androidx.core:core:1.15.0] AndroidManifest.xml:23:9-81
57        android:protectionLevel="signature" />
57-->[androidx.core:core:1.15.0] AndroidManifest.xml:24:9-44
58
59    <uses-permission android:name="br.com.rio40graus.guiascale.homolog.DYNAMIC_RECEIVER_NOT_EXPORTED_PERMISSION" />
59-->[androidx.core:core:1.15.0] AndroidManifest.xml:26:5-97
59-->[androidx.core:core:1.15.0] AndroidManifest.xml:26:22-94
60
61    <application
61-->src/main/AndroidManifest.xml:39:5-82:19
62        android:name="br.com.rio40graus.guiascale.GuiaScaleApp"
62-->src/main/AndroidManifest.xml:40:9-37
63        android:allowBackup="false"
63-->src/main/AndroidManifest.xml:41:9-36
64        android:appComponentFactory="androidx.core.app.CoreComponentFactory"
64-->[androidx.core:core:1.15.0] AndroidManifest.xml:28:18-86
65        android:debuggable="true"
66        android:extractNativeLibs="false"
67        android:icon="@mipmap/ic_launcher"
67-->src/main/AndroidManifest.xml:42:9-43
68        android:label="@string/app_name"
68-->src/main/AndroidManifest.xml:43:9-41
69        android:supportsRtl="true"
69-->src/main/AndroidManifest.xml:44:9-35
70        android:theme="@style/Theme.GuiaScale" >
70-->src/main/AndroidManifest.xml:45:9-47
71
72        <!--
73            Chave do Google Maps. O SDK a lê daqui, e só daqui — passar por
74            código não existe. O valor vem do manifestPlaceholder definido em
75            app/build.gradle.kts, onde está a explicação de por que ela pode
76            ficar embutida.
77        -->
78        <meta-data
79            android:name="com.google.android.geo.API_KEY"
79-->src/main/AndroidManifest.xml:54:13-58
80            android:value="AIzaSyAJD4920A7GiI8GQIER0TgqQjWgDAgNN5g" />
80-->src/main/AndroidManifest.xml:55:13-42
81
82        <activity
82-->src/main/AndroidManifest.xml:57:9-66:20
83            android:name="br.com.rio40graus.guiascale.MainActivity"
83-->src/main/AndroidManifest.xml:58:13-41
84            android:exported="true"
84-->src/main/AndroidManifest.xml:59:13-36
85            android:label="@string/app_name"
85-->src/main/AndroidManifest.xml:60:13-45
86            android:theme="@style/Theme.GuiaScale" >
86-->src/main/AndroidManifest.xml:61:13-51
87            <intent-filter>
87-->src/main/AndroidManifest.xml:62:13-65:29
88                <action android:name="android.intent.action.MAIN" />
88-->src/main/AndroidManifest.xml:63:17-69
88-->src/main/AndroidManifest.xml:63:25-66
89
90                <category android:name="android.intent.category.LAUNCHER" />
90-->src/main/AndroidManifest.xml:64:17-77
90-->src/main/AndroidManifest.xml:64:27-74
91            </intent-filter>
92        </activity>
93
94        <!--
95            O serviço que mantém a captura viva com o app minimizado.
96
97            `foregroundServiceType="location"` é o que autoriza ler a posição
98            fora da tela; sem isso o Android entrega coordenadas congeladas.
99            `stopWithTask=false` mantém o rastreio quando o guia fecha o app
100            pela lista de recentes — que é o comportamento pedido.
101        -->
102        <service
102-->src/main/AndroidManifest.xml:76:9-80:44
103            android:name="br.com.rio40graus.guiascale.rastreio.RastreioService"
103-->src/main/AndroidManifest.xml:77:13-53
104            android:exported="false"
104-->src/main/AndroidManifest.xml:78:13-37
105            android:foregroundServiceType="location"
105-->src/main/AndroidManifest.xml:79:13-53
106            android:stopWithTask="false" />
106-->src/main/AndroidManifest.xml:80:13-41
107
108        <!-- Needs to be explicitly declared on P+ -->
109        <uses-library
109-->[com.google.android.gms:play-services-maps:19.0.0] AndroidManifest.xml:39:9-41:40
110            android:name="org.apache.http.legacy"
110-->[com.google.android.gms:play-services-maps:19.0.0] AndroidManifest.xml:40:13-50
111            android:required="false" />
111-->[com.google.android.gms:play-services-maps:19.0.0] AndroidManifest.xml:41:13-37
112
113        <activity
113-->[com.google.android.gms:play-services-base:18.5.0] AndroidManifest.xml:5:9-173
114            android:name="com.google.android.gms.common.api.GoogleApiActivity"
114-->[com.google.android.gms:play-services-base:18.5.0] AndroidManifest.xml:5:19-85
115            android:exported="false"
115-->[com.google.android.gms:play-services-base:18.5.0] AndroidManifest.xml:5:146-170
116            android:theme="@android:style/Theme.Translucent.NoTitleBar" />
116-->[com.google.android.gms:play-services-base:18.5.0] AndroidManifest.xml:5:86-145
117
118        <meta-data
118-->[com.google.android.gms:play-services-basement:18.4.0] AndroidManifest.xml:6:9-122
119            android:name="com.google.android.gms.version"
119-->[com.google.android.gms:play-services-basement:18.4.0] AndroidManifest.xml:6:20-65
120            android:value="@integer/google_play_services_version" />
120-->[com.google.android.gms:play-services-basement:18.4.0] AndroidManifest.xml:6:66-119
121
122        <provider
122-->[androidx.work:work-runtime:2.10.0] AndroidManifest.xml:29:9-37:20
123            android:name="androidx.startup.InitializationProvider"
123-->[androidx.work:work-runtime:2.10.0] AndroidManifest.xml:30:13-67
124            android:authorities="br.com.rio40graus.guiascale.homolog.androidx-startup"
124-->[androidx.work:work-runtime:2.10.0] AndroidManifest.xml:31:13-68
125            android:exported="false" >
125-->[androidx.work:work-runtime:2.10.0] AndroidManifest.xml:32:13-37
126            <meta-data
126-->[androidx.work:work-runtime:2.10.0] AndroidManifest.xml:34:13-36:52
127                android:name="androidx.work.WorkManagerInitializer"
127-->[androidx.work:work-runtime:2.10.0] AndroidManifest.xml:35:17-68
128                android:value="androidx.startup" />
128-->[androidx.work:work-runtime:2.10.0] AndroidManifest.xml:36:17-49
129            <meta-data
129-->[androidx.emoji2:emoji2:1.3.0] AndroidManifest.xml:29:13-31:52
130                android:name="androidx.emoji2.text.EmojiCompatInitializer"
130-->[androidx.emoji2:emoji2:1.3.0] AndroidManifest.xml:30:17-75
131                android:value="androidx.startup" />
131-->[androidx.emoji2:emoji2:1.3.0] AndroidManifest.xml:31:17-49
132            <meta-data
132-->[androidx.lifecycle:lifecycle-process:2.8.7] AndroidManifest.xml:29:13-31:52
133                android:name="androidx.lifecycle.ProcessLifecycleInitializer"
133-->[androidx.lifecycle:lifecycle-process:2.8.7] AndroidManifest.xml:30:17-78
134                android:value="androidx.startup" />
134-->[androidx.lifecycle:lifecycle-process:2.8.7] AndroidManifest.xml:31:17-49
135            <meta-data
135-->[androidx.profileinstaller:profileinstaller:1.3.1] AndroidManifest.xml:29:13-31:52
136                android:name="androidx.profileinstaller.ProfileInstallerInitializer"
136-->[androidx.profileinstaller:profileinstaller:1.3.1] AndroidManifest.xml:30:17-85
137                android:value="androidx.startup" />
137-->[androidx.profileinstaller:profileinstaller:1.3.1] AndroidManifest.xml:31:17-49
138        </provider>
139
140        <service
140-->[androidx.work:work-runtime:2.10.0] AndroidManifest.xml:39:9-45:35
141            android:name="androidx.work.impl.background.systemalarm.SystemAlarmService"
141-->[androidx.work:work-runtime:2.10.0] AndroidManifest.xml:40:13-88
142            android:directBootAware="false"
142-->[androidx.work:work-runtime:2.10.0] AndroidManifest.xml:41:13-44
143            android:enabled="@bool/enable_system_alarm_service_default"
143-->[androidx.work:work-runtime:2.10.0] AndroidManifest.xml:42:13-72
144            android:exported="false" />
144-->[androidx.work:work-runtime:2.10.0] AndroidManifest.xml:43:13-37
145        <service
145-->[androidx.work:work-runtime:2.10.0] AndroidManifest.xml:46:9-52:35
146            android:name="androidx.work.impl.background.systemjob.SystemJobService"
146-->[androidx.work:work-runtime:2.10.0] AndroidManifest.xml:47:13-84
147            android:directBootAware="false"
147-->[androidx.work:work-runtime:2.10.0] AndroidManifest.xml:48:13-44
148            android:enabled="@bool/enable_system_job_service_default"
148-->[androidx.work:work-runtime:2.10.0] AndroidManifest.xml:49:13-70
149            android:exported="true"
149-->[androidx.work:work-runtime:2.10.0] AndroidManifest.xml:50:13-36
150            android:permission="android.permission.BIND_JOB_SERVICE" />
150-->[androidx.work:work-runtime:2.10.0] AndroidManifest.xml:51:13-69
151        <service
151-->[androidx.work:work-runtime:2.10.0] AndroidManifest.xml:53:9-59:35
152            android:name="androidx.work.impl.foreground.SystemForegroundService"
152-->[androidx.work:work-runtime:2.10.0] AndroidManifest.xml:54:13-81
153            android:directBootAware="false"
153-->[androidx.work:work-runtime:2.10.0] AndroidManifest.xml:55:13-44
154            android:enabled="@bool/enable_system_foreground_service_default"
154-->[androidx.work:work-runtime:2.10.0] AndroidManifest.xml:56:13-77
155            android:exported="false" />
155-->[androidx.work:work-runtime:2.10.0] AndroidManifest.xml:57:13-37
156
157        <receiver
157-->[androidx.work:work-runtime:2.10.0] AndroidManifest.xml:61:9-66:35
158            android:name="androidx.work.impl.utils.ForceStopRunnable$BroadcastReceiver"
158-->[androidx.work:work-runtime:2.10.0] AndroidManifest.xml:62:13-88
159            android:directBootAware="false"
159-->[androidx.work:work-runtime:2.10.0] AndroidManifest.xml:63:13-44
160            android:enabled="true"
160-->[androidx.work:work-runtime:2.10.0] AndroidManifest.xml:64:13-35
161            android:exported="false" />
161-->[androidx.work:work-runtime:2.10.0] AndroidManifest.xml:65:13-37
162        <receiver
162-->[androidx.work:work-runtime:2.10.0] AndroidManifest.xml:67:9-77:20
163            android:name="androidx.work.impl.background.systemalarm.ConstraintProxy$BatteryChargingProxy"
163-->[androidx.work:work-runtime:2.10.0] AndroidManifest.xml:68:13-106
164            android:directBootAware="false"
164-->[androidx.work:work-runtime:2.10.0] AndroidManifest.xml:69:13-44
165            android:enabled="false"
165-->[androidx.work:work-runtime:2.10.0] AndroidManifest.xml:70:13-36
166            android:exported="false" >
166-->[androidx.work:work-runtime:2.10.0] AndroidManifest.xml:71:13-37
167            <intent-filter>
167-->[androidx.work:work-runtime:2.10.0] AndroidManifest.xml:73:13-76:29
168                <action android:name="android.intent.action.ACTION_POWER_CONNECTED" />
168-->[androidx.work:work-runtime:2.10.0] AndroidManifest.xml:74:17-87
168-->[androidx.work:work-runtime:2.10.0] AndroidManifest.xml:74:25-84
169                <action android:name="android.intent.action.ACTION_POWER_DISCONNECTED" />
169-->[androidx.work:work-runtime:2.10.0] AndroidManifest.xml:75:17-90
169-->[androidx.work:work-runtime:2.10.0] AndroidManifest.xml:75:25-87
170            </intent-filter>
171        </receiver>
172        <receiver
172-->[androidx.work:work-runtime:2.10.0] AndroidManifest.xml:78:9-88:20
173            android:name="androidx.work.impl.background.systemalarm.ConstraintProxy$BatteryNotLowProxy"
173-->[androidx.work:work-runtime:2.10.0] AndroidManifest.xml:79:13-104
174            android:directBootAware="false"
174-->[androidx.work:work-runtime:2.10.0] AndroidManifest.xml:80:13-44
175            android:enabled="false"
175-->[androidx.work:work-runtime:2.10.0] AndroidManifest.xml:81:13-36
176            android:exported="false" >
176-->[androidx.work:work-runtime:2.10.0] AndroidManifest.xml:82:13-37
177            <intent-filter>
177-->[androidx.work:work-runtime:2.10.0] AndroidManifest.xml:84:13-87:29
178                <action android:name="android.intent.action.BATTERY_OKAY" />
178-->[androidx.work:work-runtime:2.10.0] AndroidManifest.xml:85:17-77
178-->[androidx.work:work-runtime:2.10.0] AndroidManifest.xml:85:25-74
179                <action android:name="android.intent.action.BATTERY_LOW" />
179-->[androidx.work:work-runtime:2.10.0] AndroidManifest.xml:86:17-76
179-->[androidx.work:work-runtime:2.10.0] AndroidManifest.xml:86:25-73
180            </intent-filter>
181        </receiver>
182        <receiver
182-->[androidx.work:work-runtime:2.10.0] AndroidManifest.xml:89:9-99:20
183            android:name="androidx.work.impl.background.systemalarm.ConstraintProxy$StorageNotLowProxy"
183-->[androidx.work:work-runtime:2.10.0] AndroidManifest.xml:90:13-104
184            android:directBootAware="false"
184-->[androidx.work:work-runtime:2.10.0] AndroidManifest.xml:91:13-44
185            android:enabled="false"
185-->[androidx.work:work-runtime:2.10.0] AndroidManifest.xml:92:13-36
186            android:exported="false" >
186-->[androidx.work:work-runtime:2.10.0] AndroidManifest.xml:93:13-37
187            <intent-filter>
187-->[androidx.work:work-runtime:2.10.0] AndroidManifest.xml:95:13-98:29
188                <action android:name="android.intent.action.DEVICE_STORAGE_LOW" />
188-->[androidx.work:work-runtime:2.10.0] AndroidManifest.xml:96:17-83
188-->[androidx.work:work-runtime:2.10.0] AndroidManifest.xml:96:25-80
189                <action android:name="android.intent.action.DEVICE_STORAGE_OK" />
189-->[androidx.work:work-runtime:2.10.0] AndroidManifest.xml:97:17-82
189-->[androidx.work:work-runtime:2.10.0] AndroidManifest.xml:97:25-79
190            </intent-filter>
191        </receiver>
192        <receiver
192-->[androidx.work:work-runtime:2.10.0] AndroidManifest.xml:100:9-109:20
193            android:name="androidx.work.impl.background.systemalarm.ConstraintProxy$NetworkStateProxy"
193-->[androidx.work:work-runtime:2.10.0] AndroidManifest.xml:101:13-103
194            android:directBootAware="false"
194-->[androidx.work:work-runtime:2.10.0] AndroidManifest.xml:102:13-44
195            android:enabled="false"
195-->[androidx.work:work-runtime:2.10.0] AndroidManifest.xml:103:13-36
196            android:exported="false" >
196-->[androidx.work:work-runtime:2.10.0] AndroidManifest.xml:104:13-37
197            <intent-filter>
197-->[androidx.work:work-runtime:2.10.0] AndroidManifest.xml:106:13-108:29
198                <action android:name="android.net.conn.CONNECTIVITY_CHANGE" />
198-->[androidx.work:work-runtime:2.10.0] AndroidManifest.xml:107:17-79
198-->[androidx.work:work-runtime:2.10.0] AndroidManifest.xml:107:25-76
199            </intent-filter>
200        </receiver>
201        <receiver
201-->[androidx.work:work-runtime:2.10.0] AndroidManifest.xml:110:9-121:20
202            android:name="androidx.work.impl.background.systemalarm.RescheduleReceiver"
202-->[androidx.work:work-runtime:2.10.0] AndroidManifest.xml:111:13-88
203            android:directBootAware="false"
203-->[androidx.work:work-runtime:2.10.0] AndroidManifest.xml:112:13-44
204            android:enabled="false"
204-->[androidx.work:work-runtime:2.10.0] AndroidManifest.xml:113:13-36
205            android:exported="false" >
205-->[androidx.work:work-runtime:2.10.0] AndroidManifest.xml:114:13-37
206            <intent-filter>
206-->[androidx.work:work-runtime:2.10.0] AndroidManifest.xml:116:13-120:29
207                <action android:name="android.intent.action.BOOT_COMPLETED" />
207-->[androidx.work:work-runtime:2.10.0] AndroidManifest.xml:117:17-79
207-->[androidx.work:work-runtime:2.10.0] AndroidManifest.xml:117:25-76
208                <action android:name="android.intent.action.TIME_SET" />
208-->[androidx.work:work-runtime:2.10.0] AndroidManifest.xml:118:17-73
208-->[androidx.work:work-runtime:2.10.0] AndroidManifest.xml:118:25-70
209                <action android:name="android.intent.action.TIMEZONE_CHANGED" />
209-->[androidx.work:work-runtime:2.10.0] AndroidManifest.xml:119:17-81
209-->[androidx.work:work-runtime:2.10.0] AndroidManifest.xml:119:25-78
210            </intent-filter>
211        </receiver>
212        <receiver
212-->[androidx.work:work-runtime:2.10.0] AndroidManifest.xml:122:9-131:20
213            android:name="androidx.work.impl.background.systemalarm.ConstraintProxyUpdateReceiver"
213-->[androidx.work:work-runtime:2.10.0] AndroidManifest.xml:123:13-99
214            android:directBootAware="false"
214-->[androidx.work:work-runtime:2.10.0] AndroidManifest.xml:124:13-44
215            android:enabled="@bool/enable_system_alarm_service_default"
215-->[androidx.work:work-runtime:2.10.0] AndroidManifest.xml:125:13-72
216            android:exported="false" >
216-->[androidx.work:work-runtime:2.10.0] AndroidManifest.xml:126:13-37
217            <intent-filter>
217-->[androidx.work:work-runtime:2.10.0] AndroidManifest.xml:128:13-130:29
218                <action android:name="androidx.work.impl.background.systemalarm.UpdateProxies" />
218-->[androidx.work:work-runtime:2.10.0] AndroidManifest.xml:129:17-98
218-->[androidx.work:work-runtime:2.10.0] AndroidManifest.xml:129:25-95
219            </intent-filter>
220        </receiver>
221        <receiver
221-->[androidx.work:work-runtime:2.10.0] AndroidManifest.xml:132:9-142:20
222            android:name="androidx.work.impl.diagnostics.DiagnosticsReceiver"
222-->[androidx.work:work-runtime:2.10.0] AndroidManifest.xml:133:13-78
223            android:directBootAware="false"
223-->[androidx.work:work-runtime:2.10.0] AndroidManifest.xml:134:13-44
224            android:enabled="true"
224-->[androidx.work:work-runtime:2.10.0] AndroidManifest.xml:135:13-35
225            android:exported="true"
225-->[androidx.work:work-runtime:2.10.0] AndroidManifest.xml:136:13-36
226            android:permission="android.permission.DUMP" >
226-->[androidx.work:work-runtime:2.10.0] AndroidManifest.xml:137:13-57
227            <intent-filter>
227-->[androidx.work:work-runtime:2.10.0] AndroidManifest.xml:139:13-141:29
228                <action android:name="androidx.work.diagnostics.REQUEST_DIAGNOSTICS" />
228-->[androidx.work:work-runtime:2.10.0] AndroidManifest.xml:140:17-88
228-->[androidx.work:work-runtime:2.10.0] AndroidManifest.xml:140:25-85
229            </intent-filter>
230        </receiver>
231
232        <service
232-->[androidx.room:room-runtime:2.6.1] AndroidManifest.xml:24:9-28:63
233            android:name="androidx.room.MultiInstanceInvalidationService"
233-->[androidx.room:room-runtime:2.6.1] AndroidManifest.xml:25:13-74
234            android:directBootAware="true"
234-->[androidx.room:room-runtime:2.6.1] AndroidManifest.xml:26:13-43
235            android:exported="false" />
235-->[androidx.room:room-runtime:2.6.1] AndroidManifest.xml:27:13-37
236
237        <receiver
237-->[androidx.profileinstaller:profileinstaller:1.3.1] AndroidManifest.xml:34:9-52:20
238            android:name="androidx.profileinstaller.ProfileInstallReceiver"
238-->[androidx.profileinstaller:profileinstaller:1.3.1] AndroidManifest.xml:35:13-76
239            android:directBootAware="false"
239-->[androidx.profileinstaller:profileinstaller:1.3.1] AndroidManifest.xml:36:13-44
240            android:enabled="true"
240-->[androidx.profileinstaller:profileinstaller:1.3.1] AndroidManifest.xml:37:13-35
241            android:exported="true"
241-->[androidx.profileinstaller:profileinstaller:1.3.1] AndroidManifest.xml:38:13-36
242            android:permission="android.permission.DUMP" >
242-->[androidx.profileinstaller:profileinstaller:1.3.1] AndroidManifest.xml:39:13-57
243            <intent-filter>
243-->[androidx.profileinstaller:profileinstaller:1.3.1] AndroidManifest.xml:40:13-42:29
244                <action android:name="androidx.profileinstaller.action.INSTALL_PROFILE" />
244-->[androidx.profileinstaller:profileinstaller:1.3.1] AndroidManifest.xml:41:17-91
244-->[androidx.profileinstaller:profileinstaller:1.3.1] AndroidManifest.xml:41:25-88
245            </intent-filter>
246            <intent-filter>
246-->[androidx.profileinstaller:profileinstaller:1.3.1] AndroidManifest.xml:43:13-45:29
247                <action android:name="androidx.profileinstaller.action.SKIP_FILE" />
247-->[androidx.profileinstaller:profileinstaller:1.3.1] AndroidManifest.xml:44:17-85
247-->[androidx.profileinstaller:profileinstaller:1.3.1] AndroidManifest.xml:44:25-82
248            </intent-filter>
249            <intent-filter>
249-->[androidx.profileinstaller:profileinstaller:1.3.1] AndroidManifest.xml:46:13-48:29
250                <action android:name="androidx.profileinstaller.action.SAVE_PROFILE" />
250-->[androidx.profileinstaller:profileinstaller:1.3.1] AndroidManifest.xml:47:17-88
250-->[androidx.profileinstaller:profileinstaller:1.3.1] AndroidManifest.xml:47:25-85
251            </intent-filter>
252            <intent-filter>
252-->[androidx.profileinstaller:profileinstaller:1.3.1] AndroidManifest.xml:49:13-51:29
253                <action android:name="androidx.profileinstaller.action.BENCHMARK_OPERATION" />
253-->[androidx.profileinstaller:profileinstaller:1.3.1] AndroidManifest.xml:50:17-95
253-->[androidx.profileinstaller:profileinstaller:1.3.1] AndroidManifest.xml:50:25-92
254            </intent-filter>
255        </receiver>
256    </application>
257
258</manifest>